mode: set
gtihub.com/popooq/Gophkeeper/client/internal/sender/sender.go:19.54,24.2 1 1
gtihub.com/popooq/Gophkeeper/client/internal/sender/sender.go:26.46,33.16 3 1
gtihub.com/popooq/Gophkeeper/client/internal/sender/sender.go:33.16,35.3 1 0
gtihub.com/popooq/Gophkeeper/client/internal/sender/sender.go:37.2,40.16 3 1
gtihub.com/popooq/Gophkeeper/client/internal/sender/sender.go:40.16,42.3 1 0
gtihub.com/popooq/Gophkeeper/client/internal/sender/sender.go:44.2,50.16 4 1
gtihub.com/popooq/Gophkeeper/client/internal/sender/sender.go:50.16,52.3 1 1
gtihub.com/popooq/Gophkeeper/client/internal/sender/sender.go:52.8,54.3 1 0
gtihub.com/popooq/Gophkeeper/client/internal/sender/sender.go:57.48,64.16 3 1
gtihub.com/popooq/Gophkeeper/client/internal/sender/sender.go:64.16,66.3 1 0
gtihub.com/popooq/Gophkeeper/client/internal/sender/sender.go:68.2,71.16 3 1
gtihub.com/popooq/Gophkeeper/client/internal/sender/sender.go:71.16,73.3 1 0
gtihub.com/popooq/Gophkeeper/client/internal/sender/sender.go:75.2,81.16 4 1
gtihub.com/popooq/Gophkeeper/client/internal/sender/sender.go:81.16,83.3 1 1
gtihub.com/popooq/Gophkeeper/client/internal/sender/sender.go:83.8,85.17 2 0
gtihub.com/popooq/Gophkeeper/client/internal/sender/sender.go:85.17,87.4 1 0
gtihub.com/popooq/Gophkeeper/client/internal/sender/sender.go:88.3,88.31 1 0
gtihub.com/popooq/Gophkeeper/client/internal/sender/sender.go:92.61,98.16 4 1
gtihub.com/popooq/Gophkeeper/client/internal/sender/sender.go:98.16,100.3 1 0
gtihub.com/popooq/Gophkeeper/client/internal/sender/sender.go:102.2,109.16 4 1
gtihub.com/popooq/Gophkeeper/client/internal/sender/sender.go:109.16,111.3 1 0
gtihub.com/popooq/Gophkeeper/client/internal/sender/sender.go:113.2,114.16 2 1
gtihub.com/popooq/Gophkeeper/client/internal/sender/sender.go:114.16,116.3 1 1
gtihub.com/popooq/Gophkeeper/client/internal/sender/sender.go:116.8,118.3 1 0
gtihub.com/popooq/Gophkeeper/client/internal/sender/sender.go:120.64,126.16 4 1
gtihub.com/popooq/Gophkeeper/client/internal/sender/sender.go:126.16,128.3 1 0
gtihub.com/popooq/Gophkeeper/client/internal/sender/sender.go:130.2,137.16 4 1
gtihub.com/popooq/Gophkeeper/client/internal/sender/sender.go:137.16,139.3 1 0
gtihub.com/popooq/Gophkeeper/client/internal/sender/sender.go:141.2,142.16 2 1
gtihub.com/popooq/Gophkeeper/client/internal/sender/sender.go:142.16,144.3 1 1
gtihub.com/popooq/Gophkeeper/client/internal/sender/sender.go:144.8,146.3 1 0
gtihub.com/popooq/Gophkeeper/client/internal/sender/sender.go:148.44,150.16 2 1
gtihub.com/popooq/Gophkeeper/client/internal/sender/sender.go:150.16,152.3 1 0
gtihub.com/popooq/Gophkeeper/client/internal/sender/sender.go:154.2,160.16 4 1
gtihub.com/popooq/Gophkeeper/client/internal/sender/sender.go:160.16,162.3 1 0
gtihub.com/popooq/Gophkeeper/client/internal/sender/sender.go:164.2,165.16 2 1
gtihub.com/popooq/Gophkeeper/client/internal/sender/sender.go:165.16,167.3 1 1
gtihub.com/popooq/Gophkeeper/client/internal/sender/sender.go:167.8,169.3 1 0
gtihub.com/popooq/Gophkeeper/client/internal/sender/sender.go:172.47,174.16 2 1
gtihub.com/popooq/Gophkeeper/client/internal/sender/sender.go:174.16,176.3 1 0
gtihub.com/popooq/Gophkeeper/client/internal/sender/sender.go:178.2,184.16 4 1
gtihub.com/popooq/Gophkeeper/client/internal/sender/sender.go:184.16,186.3 1 0
gtihub.com/popooq/Gophkeeper/client/internal/sender/sender.go:188.2,189.16 2 1
gtihub.com/popooq/Gophkeeper/client/internal/sender/sender.go:189.16,191.3 1 1
gtihub.com/popooq/Gophkeeper/client/internal/sender/sender.go:191.8,193.3 1 0
gtihub.com/popooq/Gophkeeper/client/internal/sender/sender.go:196.75,204.16 3 1
gtihub.com/popooq/Gophkeeper/client/internal/sender/sender.go:204.16,206.3 1 0
gtihub.com/popooq/Gophkeeper/client/internal/sender/sender.go:207.2,207.13 1 1
