mode: set
gtihub.com/popooq/Gophkeeper/client/internal/config/config.go:22.20,35.40 12 1
gtihub.com/popooq/Gophkeeper/client/internal/config/config.go:35.40,37.3 1 0
gtihub.com/popooq/Gophkeeper/client/internal/config/config.go:39.2,39.13 1 1
gtihub.com/popooq/Gophkeeper/client/internal/agent/agent.go:13.62,18.2 1 1
gtihub.com/popooq/Gophkeeper/client/internal/agent/agent.go:20.23,21.30 1 1
gtihub.com/popooq/Gophkeeper/client/internal/agent/agent.go:22.13,23.50 1 1
gtihub.com/popooq/Gophkeeper/client/internal/agent/agent.go:24.15,25.52 1 1
gtihub.com/popooq/Gophkeeper/client/internal/agent/agent.go:26.13,27.80 1 1
gtihub.com/popooq/Gophkeeper/client/internal/agent/agent.go:28.13,29.49 1 1
gtihub.com/popooq/Gophkeeper/client/internal/agent/agent.go:30.16,31.52 1 1
gtihub.com/popooq/Gophkeeper/client/internal/agent/agent.go:32.16,33.83 1 1
gtihub.com/popooq/Gophkeeper/client/internal/sender/sender.go:19.54,24.2 1 1
gtihub.com/popooq/Gophkeeper/client/internal/sender/sender.go:26.46,33.16 3 1
gtihub.com/popooq/Gophkeeper/client/internal/sender/sender.go:33.16,35.3 1 0
gtihub.com/popooq/Gophkeeper/client/internal/sender/sender.go:37.2,40.16 3 1
gtihub.com/popooq/Gophkeeper/client/internal/sender/sender.go:40.16,42.3 1 0
gtihub.com/popooq/Gophkeeper/client/internal/sender/sender.go:44.2,50.16 4 1
gtihub.com/popooq/Gophkeeper/client/internal/sender/sender.go:50.16,52.3 1 1
gtihub.com/popooq/Gophkeeper/client/internal/sender/sender.go:52.8,54.3 1 0
gtihub.com/popooq/Gophkeeper/client/internal/sender/sender.go:57.48,64.16 3 1
gtihub.com/popooq/Gophkeeper/client/internal/sender/sender.go:64.16,66.3 1 0
gtihub.com/popooq/Gophkeeper/client/internal/sender/sender.go:68.2,71.16 3 1
gtihub.com/popooq/Gophkeeper/client/internal/sender/sender.go:71.16,73.3 1 0
gtihub.com/popooq/Gophkeeper/client/internal/sender/sender.go:75.2,81.16 4 1
gtihub.com/popooq/Gophkeeper/client/internal/sender/sender.go:81.16,83.3 1 1
gtihub.com/popooq/Gophkeeper/client/internal/sender/sender.go:83.8,85.17 2 0
gtihub.com/popooq/Gophkeeper/client/internal/sender/sender.go:85.17,87.4 1 0
gtihub.com/popooq/Gophkeeper/client/internal/sender/sender.go:88.3,88.31 1 0
gtihub.com/popooq/Gophkeeper/client/internal/sender/sender.go:92.61,98.16 4 1
gtihub.com/popooq/Gophkeeper/client/internal/sender/sender.go:98.16,100.3 1 0
gtihub.com/popooq/Gophkeeper/client/internal/sender/sender.go:102.2,109.16 4 1
gtihub.com/popooq/Gophkeeper/client/internal/sender/sender.go:109.16,111.3 1 0
gtihub.com/popooq/Gophkeeper/client/internal/sender/sender.go:113.2,114.16 2 1
gtihub.com/popooq/Gophkeeper/client/internal/sender/sender.go:114.16,116.3 1 1
gtihub.com/popooq/Gophkeeper/client/internal/sender/sender.go:116.8,118.3 1 0
gtihub.com/popooq/Gophkeeper/client/internal/sender/sender.go:120.64,126.16 4 1
gtihub.com/popooq/Gophkeeper/client/internal/sender/sender.go:126.16,128.3 1 0
gtihub.com/popooq/Gophkeeper/client/internal/sender/sender.go:130.2,137.16 4 1
gtihub.com/popooq/Gophkeeper/client/internal/sender/sender.go:137.16,139.3 1 0
gtihub.com/popooq/Gophkeeper/client/internal/sender/sender.go:141.2,142.16 2 1
gtihub.com/popooq/Gophkeeper/client/internal/sender/sender.go:142.16,144.3 1 1
gtihub.com/popooq/Gophkeeper/client/internal/sender/sender.go:144.8,146.3 1 0
gtihub.com/popooq/Gophkeeper/client/internal/sender/sender.go:148.44,150.16 2 1
gtihub.com/popooq/Gophkeeper/client/internal/sender/sender.go:150.16,152.3 1 0
gtihub.com/popooq/Gophkeeper/client/internal/sender/sender.go:154.2,160.16 4 1
gtihub.com/popooq/Gophkeeper/client/internal/sender/sender.go:160.16,162.3 1 0
gtihub.com/popooq/Gophkeeper/client/internal/sender/sender.go:164.2,165.16 2 1
gtihub.com/popooq/Gophkeeper/client/internal/sender/sender.go:165.16,167.3 1 1
gtihub.com/popooq/Gophkeeper/client/internal/sender/sender.go:167.8,169.3 1 0
gtihub.com/popooq/Gophkeeper/client/internal/sender/sender.go:172.47,174.16 2 1
gtihub.com/popooq/Gophkeeper/client/internal/sender/sender.go:174.16,176.3 1 0
gtihub.com/popooq/Gophkeeper/client/internal/sender/sender.go:178.2,184.16 4 1
gtihub.com/popooq/Gophkeeper/client/internal/sender/sender.go:184.16,186.3 1 0
gtihub.com/popooq/Gophkeeper/client/internal/sender/sender.go:188.2,189.16 2 1
gtihub.com/popooq/Gophkeeper/client/internal/sender/sender.go:189.16,191.3 1 1
gtihub.com/popooq/Gophkeeper/client/internal/sender/sender.go:191.8,193.3 1 0
gtihub.com/popooq/Gophkeeper/client/internal/sender/sender.go:196.75,204.16 3 1
gtihub.com/popooq/Gophkeeper/client/internal/sender/sender.go:204.16,206.3 1 0
gtihub.com/popooq/Gophkeeper/client/internal/sender/sender.go:207.2,207.13 1 1
gtihub.com/popooq/Gophkeeper/server/internal/config/config.go:16.20,23.40 6 1
gtihub.com/popooq/Gophkeeper/server/internal/config/config.go:23.40,25.3 1 0
gtihub.com/popooq/Gophkeeper/server/internal/config/config.go:27.2,27.13 1 1
gtihub.com/popooq/Gophkeeper/server/internal/handlers/handlers.go:20.58,25.2 1 1
gtihub.com/popooq/Gophkeeper/server/internal/handlers/handlers.go:27.39,43.2 10 1
gtihub.com/popooq/Gophkeeper/server/internal/handlers/handlers.go:45.55,47.16 2 1
gtihub.com/popooq/Gophkeeper/server/internal/handlers/handlers.go:47.16,51.3 3 1
gtihub.com/popooq/Gophkeeper/server/internal/handlers/handlers.go:52.2,55.12 3 1
gtihub.com/popooq/Gophkeeper/server/internal/handlers/handlers.go:58.48,60.16 2 1
gtihub.com/popooq/Gophkeeper/server/internal/handlers/handlers.go:60.16,65.3 4 1
gtihub.com/popooq/Gophkeeper/server/internal/handlers/handlers.go:66.2,69.12 3 1
gtihub.com/popooq/Gophkeeper/server/internal/handlers/handlers.go:72.51,74.29 2 0
gtihub.com/popooq/Gophkeeper/server/internal/handlers/handlers.go:74.29,78.3 3 0
gtihub.com/popooq/Gophkeeper/server/internal/handlers/handlers.go:79.2,82.12 3 0
gtihub.com/popooq/Gophkeeper/server/internal/handlers/handlers.go:85.54,87.29 2 0
gtihub.com/popooq/Gophkeeper/server/internal/handlers/handlers.go:87.29,93.3 4 0
gtihub.com/popooq/Gophkeeper/server/internal/handlers/handlers.go:94.2,97.12 3 0
gtihub.com/popooq/Gophkeeper/server/internal/handlers/handlers.go:100.51,102.29 2 0
gtihub.com/popooq/Gophkeeper/server/internal/handlers/handlers.go:102.29,106.3 3 0
gtihub.com/popooq/Gophkeeper/server/internal/handlers/handlers.go:107.2,110.12 3 0
gtihub.com/popooq/Gophkeeper/server/internal/handlers/handlers.go:113.54,118.2 3 0
gtihub.com/popooq/Gophkeeper/server/internal/services/services.go:15.62,23.16 6 1
gtihub.com/popooq/Gophkeeper/server/internal/services/services.go:23.16,26.3 2 0
gtihub.com/popooq/Gophkeeper/server/internal/services/services.go:28.2,28.25 1 1
gtihub.com/popooq/Gophkeeper/server/internal/services/services.go:31.71,35.16 3 1
gtihub.com/popooq/Gophkeeper/server/internal/services/services.go:35.16,37.3 1 0
gtihub.com/popooq/Gophkeeper/server/internal/services/services.go:39.2,40.16 2 1
gtihub.com/popooq/Gophkeeper/server/internal/services/services.go:40.16,42.3 1 1
gtihub.com/popooq/Gophkeeper/server/internal/services/services.go:44.2,45.16 2 1
gtihub.com/popooq/Gophkeeper/server/internal/services/services.go:45.16,47.3 1 0
gtihub.com/popooq/Gophkeeper/server/internal/services/services.go:49.2,49.27 1 1
gtihub.com/popooq/Gophkeeper/server/internal/services/services.go:52.87,56.16 3 1
gtihub.com/popooq/Gophkeeper/server/internal/services/services.go:56.16,58.3 1 0
gtihub.com/popooq/Gophkeeper/server/internal/services/services.go:60.2,61.16 2 1
gtihub.com/popooq/Gophkeeper/server/internal/services/services.go:61.16,63.3 1 1
gtihub.com/popooq/Gophkeeper/server/internal/services/services.go:65.2,66.9 2 1
gtihub.com/popooq/Gophkeeper/server/internal/services/services.go:66.9,68.3 1 0
gtihub.com/popooq/Gophkeeper/server/internal/services/services.go:70.2,71.16 2 1
gtihub.com/popooq/Gophkeeper/server/internal/services/services.go:71.16,73.3 1 0
gtihub.com/popooq/Gophkeeper/server/internal/services/services.go:75.2,75.32 1 1
gtihub.com/popooq/Gophkeeper/server/internal/services/services.go:78.67,82.16 3 1
gtihub.com/popooq/Gophkeeper/server/internal/services/services.go:82.16,84.3 1 0
gtihub.com/popooq/Gophkeeper/server/internal/services/services.go:86.2,87.16 2 1
gtihub.com/popooq/Gophkeeper/server/internal/services/services.go:87.16,89.3 1 1
gtihub.com/popooq/Gophkeeper/server/internal/services/services.go:91.2,92.16 2 1
gtihub.com/popooq/Gophkeeper/server/internal/services/services.go:92.16,94.3 1 0
gtihub.com/popooq/Gophkeeper/server/internal/services/services.go:96.2,96.27 1 1
gtihub.com/popooq/Gophkeeper/server/internal/services/services.go:99.71,103.16 3 1
gtihub.com/popooq/Gophkeeper/server/internal/services/services.go:103.16,105.3 1 0
gtihub.com/popooq/Gophkeeper/server/internal/services/services.go:107.2,108.16 2 1
gtihub.com/popooq/Gophkeeper/server/internal/services/services.go:108.16,110.3 1 1
gtihub.com/popooq/Gophkeeper/server/internal/services/services.go:112.2,113.16 2 1
gtihub.com/popooq/Gophkeeper/server/internal/services/services.go:113.16,115.3 1 0
gtihub.com/popooq/Gophkeeper/server/internal/services/services.go:117.2,117.47 1 1
gtihub.com/popooq/Gophkeeper/server/internal/services/services.go:120.85,123.16 2 1
gtihub.com/popooq/Gophkeeper/server/internal/services/services.go:123.16,126.3 2 0
gtihub.com/popooq/Gophkeeper/server/internal/services/services.go:128.2,129.16 2 1
gtihub.com/popooq/Gophkeeper/server/internal/services/services.go:129.16,132.3 2 0
gtihub.com/popooq/Gophkeeper/server/internal/services/services.go:134.2,134.25 1 1
gtihub.com/popooq/Gophkeeper/server/internal/services/services.go:137.78,140.16 2 1
gtihub.com/popooq/Gophkeeper/server/internal/services/services.go:140.16,142.3 1 0
gtihub.com/popooq/Gophkeeper/server/internal/services/services.go:144.2,144.15 1 1
